[0.012s] Invoking command in '/home/rishabh/humble_root1/build/training': AMENT_PREFIX_PATH=/home/rishabh/humble_root1/install/training_interfaces:${AMENT_PREFIX_PATH} CMAKE_PREFIX_PATH=/home/rishabh/humble_root1/install/training_interfaces:/opt/ros/humble LD_LIBRARY_PATH=/home/rishabh/humble_root1/install/training_interfaces/lib:${LD_LIBRARY_PATH} PYTHONPATH=/home/rishabh/humble_root1/install/training_interfaces/local/lib/python3.10/dist-packages:${PYTHONPATH} /usr/bin/cmake /home/rishabh/humble_root1/src/training -DCMAKE_INSTALL_PREFIX=/home/rishabh/humble_root1/install/training
[0.079s] -- The C compiler identification is GNU 11.4.0
[0.146s] -- The CXX compiler identification is GNU 11.4.0
[0.155s] -- Detecting C compiler ABI info
[0.248s] -- Detecting C compiler ABI info - done
[0.256s] -- Check for working C compiler: /usr/bin/cc - skipped
[0.256s] -- Detecting C compile features
[0.257s] -- Detecting C compile features - done
[0.260s] -- Detecting CXX compiler ABI info
[0.359s] -- Detecting CXX compiler ABI info - done
[0.367s] -- Check for working CXX compiler: /usr/bin/c++ - skipped
[0.367s] -- Detecting CXX compile features
[0.368s] -- Detecting CXX compile features - done
[0.370s] -- Found ament_cmake: 1.3.11 (/opt/ros/humble/share/ament_cmake/cmake)
[0.529s] -- Found Python3: /usr/bin/python3 (found version "3.10.12") found components: Interpreter 
[0.620s] -- Found rclcpp: 16.0.12 (/opt/ros/humble/share/rclcpp/cmake)
[0.678s] -- Found rosidl_generator_c: 3.1.6 (/opt/ros/humble/share/rosidl_generator_c/cmake)
[0.683s] -- Found rosidl_adapter: 3.1.6 (/opt/ros/humble/share/rosidl_adapter/cmake)
[0.690s] -- Found rosidl_generator_cpp: 3.1.6 (/opt/ros/humble/share/rosidl_generator_cpp/cmake)
[0.702s] -- Using all available rosidl_typesupport_c: rosidl_typesupport_fastrtps_c;rosidl_typesupport_introspection_c
[0.718s] -- Using all available rosidl_typesupport_cpp: rosidl_typesupport_fastrtps_cpp;rosidl_typesupport_introspection_cpp
[0.797s] -- Found rmw_implementation_cmake: 6.1.2 (/opt/ros/humble/share/rmw_implementation_cmake/cmake)
[0.803s] -- Found rmw_fastrtps_cpp: 6.2.7 (/opt/ros/humble/share/rmw_fastrtps_cpp/cmake)
[0.922s] -- Found OpenSSL: /usr/lib/x86_64-linux-gnu/libcrypto.so (found version "3.0.2")  
[0.953s] -- Found FastRTPS: /opt/ros/humble/include  
[0.994s] -- Using RMW implementation 'rmw_fastrtps_cpp' as default
[1.014s] -- Looking for pthread.h
[1.111s] -- Looking for pthread.h - found
[1.112s] -- Performing Test CMAKE_HAVE_LIBC_PTHREAD
[1.212s] -- Performing Test CMAKE_HAVE_LIBC_PTHREAD - Success
[1.214s] -- Found Threads: TRUE  
[1.317s] -- Found training_interfaces: 0.0.0 (/home/rishabh/humble_root1/install/training_interfaces/share/training_interfaces/cmake)
[1.330s] -- Found ament_lint_auto: 0.12.12 (/opt/ros/humble/share/ament_lint_auto/cmake)
[1.414s] -- Added test 'cppcheck' to perform static code analysis on C / C++ code
[1.414s] -- Configured cppcheck include dirs: 
[1.414s] -- Configured cppcheck exclude dirs and/or files: 
[1.414s] -- Added test 'lint_cmake' to check CMake code style
[1.414s] -- Added test 'uncrustify' to check C / C++ code style
[1.415s] -- Configured uncrustify additional arguments: 
[1.415s] -- Added test 'xmllint' to check XML markup files
[1.415s] -- Configuring done
[1.437s] -- Generating done
[1.445s] -- Build files have been written to: /home/rishabh/humble_root1/build/training
[1.455s] Invoked command in '/home/rishabh/humble_root1/build/training' returned '0': AMENT_PREFIX_PATH=/home/rishabh/humble_root1/install/training_interfaces:${AMENT_PREFIX_PATH} CMAKE_PREFIX_PATH=/home/rishabh/humble_root1/install/training_interfaces:/opt/ros/humble LD_LIBRARY_PATH=/home/rishabh/humble_root1/install/training_interfaces/lib:${LD_LIBRARY_PATH} PYTHONPATH=/home/rishabh/humble_root1/install/training_interfaces/local/lib/python3.10/dist-packages:${PYTHONPATH} /usr/bin/cmake /home/rishabh/humble_root1/src/training -DCMAKE_INSTALL_PREFIX=/home/rishabh/humble_root1/install/training
[1.457s] Invoking command in '/home/rishabh/humble_root1/build/training': AMENT_PREFIX_PATH=/home/rishabh/humble_root1/install/training_interfaces:${AMENT_PREFIX_PATH} CMAKE_PREFIX_PATH=/home/rishabh/humble_root1/install/training_interfaces:/opt/ros/humble LD_LIBRARY_PATH=/home/rishabh/humble_root1/install/training_interfaces/lib:${LD_LIBRARY_PATH} PYTHONPATH=/home/rishabh/humble_root1/install/training_interfaces/local/lib/python3.10/dist-packages:${PYTHONPATH} /usr/bin/cmake --build /home/rishabh/humble_root1/build/training -- -j4 -l4
[1.529s] [ 37%] [32mBuilding CXX object CMakeFiles/server.dir/src/add_two_ints_server.cpp.o[0m
[1.529s] [ 37%] [32mBuilding CXX object CMakeFiles/listener.dir/src/subscriber_member_function.cpp.o[0m
[1.530s] [ 37%] [32mBuilding CXX object CMakeFiles/talker.dir/src/publisher_member_function.cpp.o[0m
[1.532s] [ 50%] [32mBuilding CXX object CMakeFiles/client.dir/src/add_two_ints_client.cpp.o[0m
[6.941s] [ 62%] [32m[1mLinking CXX executable server[0m
[7.042s] [ 75%] [32m[1mLinking CXX executable client[0m
[7.228s] [ 75%] Built target server
[7.328s] [ 75%] Built target client
[8.037s] [ 87%] [32m[1mLinking CXX executable talker[0m
[8.308s] [ 87%] Built target talker
[12.495s] [100%] [32m[1mLinking CXX executable listener[0m
[12.949s] [100%] Built target listener
[12.966s] Invoked command in '/home/rishabh/humble_root1/build/training' returned '0': AMENT_PREFIX_PATH=/home/rishabh/humble_root1/install/training_interfaces:${AMENT_PREFIX_PATH} CMAKE_PREFIX_PATH=/home/rishabh/humble_root1/install/training_interfaces:/opt/ros/humble LD_LIBRARY_PATH=/home/rishabh/humble_root1/install/training_interfaces/lib:${LD_LIBRARY_PATH} PYTHONPATH=/home/rishabh/humble_root1/install/training_interfaces/local/lib/python3.10/dist-packages:${PYTHONPATH} /usr/bin/cmake --build /home/rishabh/humble_root1/build/training -- -j4 -l4
[12.966s] Invoking command in '/home/rishabh/humble_root1/build/training': AMENT_PREFIX_PATH=/home/rishabh/humble_root1/install/training_interfaces:${AMENT_PREFIX_PATH} CMAKE_PREFIX_PATH=/home/rishabh/humble_root1/install/training_interfaces:/opt/ros/humble LD_LIBRARY_PATH=/home/rishabh/humble_root1/install/training_interfaces/lib:${LD_LIBRARY_PATH} PYTHONPATH=/home/rishabh/humble_root1/install/training_interfaces/local/lib/python3.10/dist-packages:${PYTHONPATH} /usr/bin/cmake --install /home/rishabh/humble_root1/build/training
[12.976s] -- Install configuration: ""
[12.976s] -- Installing: /home/rishabh/humble_root1/install/training/lib/training/talker
[12.978s] -- Set runtime path of "/home/rishabh/humble_root1/install/training/lib/training/talker" to ""
[12.978s] -- Installing: /home/rishabh/humble_root1/install/training/lib/training/listener
[12.982s] -- Set runtime path of "/home/rishabh/humble_root1/install/training/lib/training/listener" to ""
[12.982s] -- Installing: /home/rishabh/humble_root1/install/training/lib/training/server
[12.983s] -- Set runtime path of "/home/rishabh/humble_root1/install/training/lib/training/server" to ""
[12.983s] -- Installing: /home/rishabh/humble_root1/install/training/lib/training/client
[12.985s] -- Set runtime path of "/home/rishabh/humble_root1/install/training/lib/training/client" to ""
[12.985s] -- Installing: /home/rishabh/humble_root1/install/training/share/ament_index/resource_index/package_run_dependencies/training
[12.985s] -- Installing: /home/rishabh/humble_root1/install/training/share/ament_index/resource_index/parent_prefix_path/training
[12.985s] -- Installing: /home/rishabh/humble_root1/install/training/share/training/environment/ament_prefix_path.sh
[12.986s] -- Installing: /home/rishabh/humble_root1/install/training/share/training/environment/ament_prefix_path.dsv
[12.986s] -- Installing: /home/rishabh/humble_root1/install/training/share/training/environment/path.sh
[12.986s] -- Installing: /home/rishabh/humble_root1/install/training/share/training/environment/path.dsv
[12.986s] -- Installing: /home/rishabh/humble_root1/install/training/share/training/local_setup.bash
[12.986s] -- Installing: /home/rishabh/humble_root1/install/training/share/training/local_setup.sh
[12.987s] -- Installing: /home/rishabh/humble_root1/install/training/share/training/local_setup.zsh
[12.987s] -- Installing: /home/rishabh/humble_root1/install/training/share/training/local_setup.dsv
[12.987s] -- Installing: /home/rishabh/humble_root1/install/training/share/training/package.dsv
[12.987s] -- Installing: /home/rishabh/humble_root1/install/training/share/ament_index/resource_index/packages/training
[12.987s] -- Installing: /home/rishabh/humble_root1/install/training/share/training/cmake/trainingConfig.cmake
[12.988s] -- Installing: /home/rishabh/humble_root1/install/training/share/training/cmake/trainingConfig-version.cmake
[12.988s] -- Installing: /home/rishabh/humble_root1/install/training/share/training/package.xml
[12.991s] Invoked command in '/home/rishabh/humble_root1/build/training' returned '0': AMENT_PREFIX_PATH=/home/rishabh/humble_root1/install/training_interfaces:${AMENT_PREFIX_PATH} CMAKE_PREFIX_PATH=/home/rishabh/humble_root1/install/training_interfaces:/opt/ros/humble LD_LIBRARY_PATH=/home/rishabh/humble_root1/install/training_interfaces/lib:${LD_LIBRARY_PATH} PYTHONPATH=/home/rishabh/humble_root1/install/training_interfaces/local/lib/python3.10/dist-packages:${PYTHONPATH} /usr/bin/cmake --install /home/rishabh/humble_root1/build/training
