[0.117s] DEBUG:colcon:Command line arguments: ['/usr/bin/colcon', 'build']
[0.117s] DEBUG:colcon:Parsed command line arguments: Namespace(log_base=None, log_level=None, verb_name='build', build_base='build', install_base='install', merge_install=False, symlink_install=False, test_result_base=None, continue_on_error=False, executor='parallel', parallel_workers=4, event_handlers=None, ignore_user_meta=False, metas=['./colcon.meta'], base_paths=['.'], packages_ignore=None, packages_ignore_regex=None, paths=None, packages_up_to=None, packages_up_to_regex=None, packages_above=None, packages_above_and_dependencies=None, packages_above_depth=None, packages_select_by_dep=None, packages_skip_by_dep=None, packages_skip_up_to=None, packages_select_build_failed=False, packages_skip_build_finished=False, packages_select_test_failures=False, packages_skip_test_passed=False, packages_select=None, packages_skip=None, packages_select_regex=None, packages_skip_regex=None, packages_start=None, packages_end=None, allow_overriding=[], cmake_args=None, cmake_target=None, cmake_target_skip_unavailable=False, cmake_clean_cache=False, cmake_clean_first=False, cmake_force_configure=False, ament_cmake_args=None, catkin_cmake_args=None, catkin_skip_building_tests=False, mixin_files=None, mixin=None, verb_parser=<colcon_mixin.mixin.mixin_argument.MixinArgumentDecorator object at 0x7bf7fd04d150>, verb_extension=<colcon_core.verb.build.BuildVerb object at 0x7bf7fd04ca30>, main=<bound method BuildVerb.main of <colcon_core.verb.build.BuildVerb object at 0x7bf7fd04ca30>>, mixin_verb=('build',))
[0.284s] Level 1:colcon.colcon_core.package_discovery:discover_packages(colcon_meta) check parameters
[0.284s] Level 1:colcon.colcon_core.package_discovery:discover_packages(recursive) check parameters
[0.284s] Level 1:colcon.colcon_core.package_discovery:discover_packages(ignore) check parameters
[0.284s] Level 1:colcon.colcon_core.package_discovery:discover_packages(path) check parameters
[0.284s] Level 1:colcon.colcon_core.package_discovery:discover_packages(colcon_meta) discover
[0.284s] Level 1:colcon.colcon_core.package_discovery:discover_packages(recursive) discover
[0.284s] INFO:colcon.colcon_core.package_discovery:Crawling recursively for packages in '/home/rishabh/humble_root1'
[0.284s] Level 1:colcon.colcon_core.package_identification:_identify(.) by extensions ['ignore', 'ignore_ament_install']
[0.285s] Level 1:colcon.colcon_core.package_identification:_identify(.) by extension 'ignore'
[0.285s] Level 1:colcon.colcon_core.package_identification:_identify(.) by extension 'ignore_ament_install'
[0.285s] Level 1:colcon.colcon_core.package_identification:_identify(.) by extensions ['colcon_pkg']
[0.285s] Level 1:colcon.colcon_core.package_identification:_identify(.) by extension 'colcon_pkg'
[0.285s] Level 1:colcon.colcon_core.package_identification:_identify(.) by extensions ['colcon_meta']
[0.285s] Level 1:colcon.colcon_core.package_identification:_identify(.) by extension 'colcon_meta'
[0.285s] Level 1:colcon.colcon_core.package_identification:_identify(.) by extensions ['ros']
[0.285s] Level 1:colcon.colcon_core.package_identification:_identify(.) by extension 'ros'
[0.295s] Level 1:colcon.colcon_core.package_identification:_identify(.) by extensions ['cmake', 'python']
[0.296s] Level 1:colcon.colcon_core.package_identification:_identify(.) by extension 'cmake'
[0.296s] Level 1:colcon.colcon_core.package_identification:_identify(.) by extension 'python'
[0.296s] Level 1:colcon.colcon_core.package_identification:_identify(.) by extensions ['python_setup_py']
[0.296s] Level 1:colcon.colcon_core.package_identification:_identify(.) by extension 'python_setup_py'
[0.296s] Level 1:colcon.colcon_core.package_identification:_identify(build) by extensions ['ignore', 'ignore_ament_install']
[0.296s] Level 1:colcon.colcon_core.package_identification:_identify(build) by extension 'ignore'
[0.296s] Level 1:colcon.colcon_core.package_identification:_identify(build) ignored
[0.296s] Level 1:colcon.colcon_core.package_identification:_identify(install) by extensions ['ignore', 'ignore_ament_install']
[0.296s] Level 1:colcon.colcon_core.package_identification:_identify(install) by extension 'ignore'
[0.296s] Level 1:colcon.colcon_core.package_identification:_identify(install) ignored
[0.296s] Level 1:colcon.colcon_core.package_identification:_identify(log) by extensions ['ignore', 'ignore_ament_install']
[0.296s] Level 1:colcon.colcon_core.package_identification:_identify(log) by extension 'ignore'
[0.296s] Level 1:colcon.colcon_core.package_identification:_identify(log) ignored
[0.296s] Level 1:colcon.colcon_core.package_identification:_identify(src) by extensions ['ignore', 'ignore_ament_install']
[0.297s] Level 1:colcon.colcon_core.package_identification:_identify(src) by extension 'ignore'
[0.297s] Level 1:colcon.colcon_core.package_identification:_identify(src) by extension 'ignore_ament_install'
[0.297s] Level 1:colcon.colcon_core.package_identification:_identify(src) by extensions ['colcon_pkg']
[0.297s] Level 1:colcon.colcon_core.package_identification:_identify(src) by extension 'colcon_pkg'
[0.297s] Level 1:colcon.colcon_core.package_identification:_identify(src) by extensions ['colcon_meta']
[0.297s] Level 1:colcon.colcon_core.package_identification:_identify(src) by extension 'colcon_meta'
[0.297s] Level 1:colcon.colcon_core.package_identification:_identify(src) by extensions ['ros']
[0.297s] Level 1:colcon.colcon_core.package_identification:_identify(src) by extension 'ros'
[0.297s] Level 1:colcon.colcon_core.package_identification:_identify(src) by extensions ['cmake', 'python']
[0.297s] Level 1:colcon.colcon_core.package_identification:_identify(src) by extension 'cmake'
[0.297s] Level 1:colcon.colcon_core.package_identification:_identify(src) by extension 'python'
[0.297s] Level 1:colcon.colcon_core.package_identification:_identify(src) by extensions ['python_setup_py']
[0.297s] Level 1:colcon.colcon_core.package_identification:_identify(src) by extension 'python_setup_py'
[0.297s] Level 1:colcon.colcon_core.package_identification:_identify(src/training) by extensions ['ignore', 'ignore_ament_install']
[0.297s] Level 1:colcon.colcon_core.package_identification:_identify(src/training) by extension 'ignore'
[0.297s] Level 1:colcon.colcon_core.package_identification:_identify(src/training) by extension 'ignore_ament_install'
[0.297s] Level 1:colcon.colcon_core.package_identification:_identify(src/training) by extensions ['colcon_pkg']
[0.297s] Level 1:colcon.colcon_core.package_identification:_identify(src/training) by extension 'colcon_pkg'
[0.297s] Level 1:colcon.colcon_core.package_identification:_identify(src/training) by extensions ['colcon_meta']
[0.297s] Level 1:colcon.colcon_core.package_identification:_identify(src/training) by extension 'colcon_meta'
[0.298s] Level 1:colcon.colcon_core.package_identification:_identify(src/training) by extensions ['ros']
[0.298s] Level 1:colcon.colcon_core.package_identification:_identify(src/training) by extension 'ros'
[0.300s] DEBUG:colcon.colcon_core.package_identification:Package 'src/training' with type 'ros.ament_cmake' and name 'training'
[0.300s] Level 1:colcon.colcon_core.package_identification:_identify(src/training_interfaces) by extensions ['ignore', 'ignore_ament_install']
[0.300s] Level 1:colcon.colcon_core.package_identification:_identify(src/training_interfaces) by extension 'ignore'
[0.300s] Level 1:colcon.colcon_core.package_identification:_identify(src/training_interfaces) by extension 'ignore_ament_install'
[0.300s] Level 1:colcon.colcon_core.package_identification:_identify(src/training_interfaces) by extensions ['colcon_pkg']
[0.300s] Level 1:colcon.colcon_core.package_identification:_identify(src/training_interfaces) by extension 'colcon_pkg'
[0.300s] Level 1:colcon.colcon_core.package_identification:_identify(src/training_interfaces) by extensions ['colcon_meta']
[0.300s] Level 1:colcon.colcon_core.package_identification:_identify(src/training_interfaces) by extension 'colcon_meta'
[0.300s] Level 1:colcon.colcon_core.package_identification:_identify(src/training_interfaces) by extensions ['ros']
[0.300s] Level 1:colcon.colcon_core.package_identification:_identify(src/training_interfaces) by extension 'ros'
[0.301s] DEBUG:colcon.colcon_core.package_identification:Package 'src/training_interfaces' with type 'ros.ament_cmake' and name 'training_interfaces'
[0.301s] Level 1:colcon.colcon_core.package_discovery:discover_packages(recursive) using defaults
[0.301s] Level 1:colcon.colcon_core.package_discovery:discover_packages(ignore) discover
[0.301s] Level 1:colcon.colcon_core.package_discovery:discover_packages(ignore) using defaults
[0.301s] Level 1:colcon.colcon_core.package_discovery:discover_packages(path) discover
[0.301s] Level 1:colcon.colcon_core.package_discovery:discover_packages(path) using defaults
[0.335s] Level 1:colcon.colcon_core.package_discovery:discover_packages(prefix_path) check parameters
[0.335s] Level 1:colcon.colcon_core.package_discovery:discover_packages(prefix_path) discover
[0.338s] DEBUG:colcon.colcon_installed_package_information.package_discovery:Found 295 installed packages in /opt/ros/humble
[0.340s] Level 1:colcon.colcon_core.package_discovery:discover_packages(prefix_path) using defaults
[0.385s] Level 5:colcon.colcon_core.verb:set package 'training_interfaces' build argument 'cmake_args' from command line to 'None'
[0.385s] Level 5:colcon.colcon_core.verb:set package 'training_interfaces' build argument 'cmake_target' from command line to 'None'
[0.385s] Level 5:colcon.colcon_core.verb:set package 'training_interfaces' build argument 'cmake_target_skip_unavailable' from command line to 'False'
[0.385s] Level 5:colcon.colcon_core.verb:set package 'training_interfaces' build argument 'cmake_clean_cache' from command line to 'False'
[0.385s] Level 5:colcon.colcon_core.verb:set package 'training_interfaces' build argument 'cmake_clean_first' from command line to 'False'
[0.385s] Level 5:colcon.colcon_core.verb:set package 'training_interfaces' build argument 'cmake_force_configure' from command line to 'False'
[0.385s] Level 5:colcon.colcon_core.verb:set package 'training_interfaces' build argument 'ament_cmake_args' from command line to 'None'
[0.385s] Level 5:colcon.colcon_core.verb:set package 'training_interfaces' build argument 'catkin_cmake_args' from command line to 'None'
[0.385s] Level 5:colcon.colcon_core.verb:set package 'training_interfaces' build argument 'catkin_skip_building_tests' from command line to 'False'
[0.385s] DEBUG:colcon.colcon_core.verb:Building package 'training_interfaces' with the following arguments: {'ament_cmake_args': None, 'build_base': '/home/rishabh/humble_root1/build/training_interfaces', 'catkin_cmake_args': None, 'catkin_skip_building_tests': False, 'cmake_args': None, 'cmake_clean_cache': False, 'cmake_clean_first': False, 'cmake_force_configure': False, 'cmake_target': None, 'cmake_target_skip_unavailable': False, 'install_base': '/home/rishabh/humble_root1/install/training_interfaces', 'merge_install': False, 'path': '/home/rishabh/humble_root1/src/training_interfaces', 'symlink_install': False, 'test_result_base': None}
[0.386s] Level 5:colcon.colcon_core.verb:set package 'training' build argument 'cmake_args' from command line to 'None'
[0.386s] Level 5:colcon.colcon_core.verb:set package 'training' build argument 'cmake_target' from command line to 'None'
[0.386s] Level 5:colcon.colcon_core.verb:set package 'training' build argument 'cmake_target_skip_unavailable' from command line to 'False'
[0.386s] Level 5:colcon.colcon_core.verb:set package 'training' build argument 'cmake_clean_cache' from command line to 'False'
[0.386s] Level 5:colcon.colcon_core.verb:set package 'training' build argument 'cmake_clean_first' from command line to 'False'
[0.386s] Level 5:colcon.colcon_core.verb:set package 'training' build argument 'cmake_force_configure' from command line to 'False'
[0.386s] Level 5:colcon.colcon_core.verb:set package 'training' build argument 'ament_cmake_args' from command line to 'None'
[0.386s] Level 5:colcon.colcon_core.verb:set package 'training' build argument 'catkin_cmake_args' from command line to 'None'
[0.386s] Level 5:colcon.colcon_core.verb:set package 'training' build argument 'catkin_skip_building_tests' from command line to 'False'
[0.386s] DEBUG:colcon.colcon_core.verb:Building package 'training' with the following arguments: {'ament_cmake_args': None, 'build_base': '/home/rishabh/humble_root1/build/training', 'catkin_cmake_args': None, 'catkin_skip_building_tests': False, 'cmake_args': None, 'cmake_clean_cache': False, 'cmake_clean_first': False, 'cmake_force_configure': False, 'cmake_target': None, 'cmake_target_skip_unavailable': False, 'install_base': '/home/rishabh/humble_root1/install/training', 'merge_install': False, 'path': '/home/rishabh/humble_root1/src/training', 'symlink_install': False, 'test_result_base': None}
[0.386s] INFO:colcon.colcon_core.executor:Executing jobs using 'parallel' executor
[0.387s] DEBUG:colcon.colcon_parallel_executor.executor.parallel:run_until_complete
[0.388s] INFO:colcon.colcon_ros.task.ament_cmake.build:Building ROS package in '/home/rishabh/humble_root1/src/training_interfaces' with build type 'ament_cmake'
[0.388s] INFO:colcon.colcon_cmake.task.cmake.build:Building CMake package in '/home/rishabh/humble_root1/src/training_interfaces'
[0.390s] INFO:colcon.colcon_core.plugin_system:Skipping extension 'colcon_core.shell.bat': Not used on non-Windows systems
[0.390s] INFO:colcon.colcon_core.shell:Skip shell extension 'powershell' for command environment: Not usable outside of PowerShell
[0.390s] DEBUG:colcon.colcon_core.shell:Skip shell extension 'dsv' for command environment
[0.400s] DEBUG:colcon.colcon_core.event_handler.log_command:Invoking command in '/home/rishabh/humble_root1/build/training_interfaces': CMAKE_PREFIX_PATH=/opt/ros/humble /usr/bin/cmake /home/rishabh/humble_root1/src/training_interfaces -DCMAKE_INSTALL_PREFIX=/home/rishabh/humble_root1/install/training_interfaces
[2.221s] DEBUG:colcon.colcon_core.event_handler.log_command:Invoked command in '/home/rishabh/humble_root1/build/training_interfaces' returned '0': CMAKE_PREFIX_PATH=/opt/ros/humble /usr/bin/cmake /home/rishabh/humble_root1/src/training_interfaces -DCMAKE_INSTALL_PREFIX=/home/rishabh/humble_root1/install/training_interfaces
[2.223s] DEBUG:colcon.colcon_core.event_handler.log_command:Invoking command in '/home/rishabh/humble_root1/build/training_interfaces': CMAKE_PREFIX_PATH=/opt/ros/humble /usr/bin/cmake --build /home/rishabh/humble_root1/build/training_interfaces -- -j4 -l4
[5.691s] DEBUG:colcon.colcon_core.event_handler.log_command:Invoked command in '/home/rishabh/humble_root1/build/training_interfaces' returned '0': CMAKE_PREFIX_PATH=/opt/ros/humble /usr/bin/cmake --build /home/rishabh/humble_root1/build/training_interfaces -- -j4 -l4
[5.705s] DEBUG:colcon.colcon_core.event_handler.log_command:Invoking command in '/home/rishabh/humble_root1/build/training_interfaces': CMAKE_PREFIX_PATH=/opt/ros/humble /usr/bin/cmake --install /home/rishabh/humble_root1/build/training_interfaces
[5.800s] Level 1:colcon.colcon_core.environment:create_environment_scripts_only(training_interfaces)
[5.801s] DEBUG:colcon.colcon_core.event_handler.log_command:Invoked command in '/home/rishabh/humble_root1/build/training_interfaces' returned '0': CMAKE_PREFIX_PATH=/opt/ros/humble /usr/bin/cmake --install /home/rishabh/humble_root1/build/training_interfaces
[5.803s] Level 1:colcon.colcon_core.environment:checking '/home/rishabh/humble_root1/install/training_interfaces' for CMake module files
[5.804s] Level 1:colcon.colcon_core.environment:checking '/home/rishabh/humble_root1/install/training_interfaces' for CMake config files
[5.804s] Level 1:colcon.colcon_core.shell:create_environment_hook('training_interfaces', 'cmake_prefix_path')
[5.804s] INFO:colcon.colcon_core.shell:Creating environment hook '/home/rishabh/humble_root1/install/training_interfaces/share/training_interfaces/hook/cmake_prefix_path.ps1'
[5.805s] INFO:colcon.colcon_core.shell:Creating environment descriptor '/home/rishabh/humble_root1/install/training_interfaces/share/training_interfaces/hook/cmake_prefix_path.dsv'
[5.805s] INFO:colcon.colcon_core.shell:Creating environment hook '/home/rishabh/humble_root1/install/training_interfaces/share/training_interfaces/hook/cmake_prefix_path.sh'
[5.806s] Level 1:colcon.colcon_core.environment:checking '/home/rishabh/humble_root1/install/training_interfaces/lib'
[5.806s] Level 1:colcon.colcon_core.shell:create_environment_hook('training_interfaces', 'ld_library_path_lib')
[5.807s] INFO:colcon.colcon_core.shell:Creating environment hook '/home/rishabh/humble_root1/install/training_interfaces/share/training_interfaces/hook/ld_library_path_lib.ps1'
[5.807s] INFO:colcon.colcon_core.shell:Creating environment descriptor '/home/rishabh/humble_root1/install/training_interfaces/share/training_interfaces/hook/ld_library_path_lib.dsv'
[5.807s] INFO:colcon.colcon_core.shell:Creating environment hook '/home/rishabh/humble_root1/install/training_interfaces/share/training_interfaces/hook/ld_library_path_lib.sh'
[5.808s] Level 1:colcon.colcon_core.environment:checking '/home/rishabh/humble_root1/install/training_interfaces/bin'
[5.808s] Level 1:colcon.colcon_core.environment:checking '/home/rishabh/humble_root1/install/training_interfaces/lib/pkgconfig/training_interfaces.pc'
[5.808s] Level 1:colcon.colcon_core.environment:checking '/home/rishabh/humble_root1/install/training_interfaces/lib/python3.10/site-packages'
[5.808s] Level 1:colcon.colcon_core.environment:checking '/home/rishabh/humble_root1/install/training_interfaces/bin'
[5.809s] INFO:colcon.colcon_core.shell:Creating package script '/home/rishabh/humble_root1/install/training_interfaces/share/training_interfaces/package.ps1'
[5.809s] INFO:colcon.colcon_core.shell:Creating package descriptor '/home/rishabh/humble_root1/install/training_interfaces/share/training_interfaces/package.dsv'
[5.810s] INFO:colcon.colcon_core.shell:Creating package script '/home/rishabh/humble_root1/install/training_interfaces/share/training_interfaces/package.sh'
[5.811s] INFO:colcon.colcon_core.shell:Creating package script '/home/rishabh/humble_root1/install/training_interfaces/share/training_interfaces/package.bash'
[5.812s] INFO:colcon.colcon_core.shell:Creating package script '/home/rishabh/humble_root1/install/training_interfaces/share/training_interfaces/package.zsh'
[5.812s] Level 1:colcon.colcon_core.environment:create_file_with_runtime_dependencies(/home/rishabh/humble_root1/install/training_interfaces/share/colcon-core/packages/training_interfaces)
[5.813s] Level 1:colcon.colcon_core.environment:create_environment_scripts_only(training_interfaces)
[5.813s] Level 1:colcon.colcon_core.environment:checking '/home/rishabh/humble_root1/install/training_interfaces' for CMake module files
[5.814s] Level 1:colcon.colcon_core.environment:checking '/home/rishabh/humble_root1/install/training_interfaces' for CMake config files
[5.814s] Level 1:colcon.colcon_core.shell:create_environment_hook('training_interfaces', 'cmake_prefix_path')
[5.814s] INFO:colcon.colcon_core.shell:Creating environment hook '/home/rishabh/humble_root1/install/training_interfaces/share/training_interfaces/hook/cmake_prefix_path.ps1'
[5.815s] INFO:colcon.colcon_core.shell:Creating environment descriptor '/home/rishabh/humble_root1/install/training_interfaces/share/training_interfaces/hook/cmake_prefix_path.dsv'
[5.815s] INFO:colcon.colcon_core.shell:Creating environment hook '/home/rishabh/humble_root1/install/training_interfaces/share/training_interfaces/hook/cmake_prefix_path.sh'
[5.816s] Level 1:colcon.colcon_core.environment:checking '/home/rishabh/humble_root1/install/training_interfaces/lib'
[5.816s] Level 1:colcon.colcon_core.shell:create_environment_hook('training_interfaces', 'ld_library_path_lib')
[5.816s] INFO:colcon.colcon_core.shell:Creating environment hook '/home/rishabh/humble_root1/install/training_interfaces/share/training_interfaces/hook/ld_library_path_lib.ps1'
[5.817s] INFO:colcon.colcon_core.shell:Creating environment descriptor '/home/rishabh/humble_root1/install/training_interfaces/share/training_interfaces/hook/ld_library_path_lib.dsv'
[5.817s] INFO:colcon.colcon_core.shell:Creating environment hook '/home/rishabh/humble_root1/install/training_interfaces/share/training_interfaces/hook/ld_library_path_lib.sh'
[5.818s] Level 1:colcon.colcon_core.environment:checking '/home/rishabh/humble_root1/install/training_interfaces/bin'
[5.818s] Level 1:colcon.colcon_core.environment:checking '/home/rishabh/humble_root1/install/training_interfaces/lib/pkgconfig/training_interfaces.pc'
[5.818s] Level 1:colcon.colcon_core.environment:checking '/home/rishabh/humble_root1/install/training_interfaces/lib/python3.10/site-packages'
[5.818s] Level 1:colcon.colcon_core.environment:checking '/home/rishabh/humble_root1/install/training_interfaces/bin'
[5.819s] INFO:colcon.colcon_core.shell:Creating package script '/home/rishabh/humble_root1/install/training_interfaces/share/training_interfaces/package.ps1'
[5.819s] INFO:colcon.colcon_core.shell:Creating package descriptor '/home/rishabh/humble_root1/install/training_interfaces/share/training_interfaces/package.dsv'
[5.820s] INFO:colcon.colcon_core.shell:Creating package script '/home/rishabh/humble_root1/install/training_interfaces/share/training_interfaces/package.sh'
[5.820s] INFO:colcon.colcon_core.shell:Creating package script '/home/rishabh/humble_root1/install/training_interfaces/share/training_interfaces/package.bash'
[5.821s] INFO:colcon.colcon_core.shell:Creating package script '/home/rishabh/humble_root1/install/training_interfaces/share/training_interfaces/package.zsh'
[5.821s] Level 1:colcon.colcon_core.environment:create_file_with_runtime_dependencies(/home/rishabh/humble_root1/install/training_interfaces/share/colcon-core/packages/training_interfaces)
[5.822s] INFO:colcon.colcon_ros.task.ament_cmake.build:Building ROS package in '/home/rishabh/humble_root1/src/training' with build type 'ament_cmake'
[5.822s] INFO:colcon.colcon_cmake.task.cmake.build:Building CMake package in '/home/rishabh/humble_root1/src/training'
[5.822s] INFO:colcon.colcon_core.shell:Skip shell extension 'powershell' for command environment: Not usable outside of PowerShell
[5.822s] DEBUG:colcon.colcon_core.shell:Skip shell extension 'dsv' for command environment
[5.836s] DEBUG:colcon.colcon_core.event_handler.log_command:Invoking command in '/home/rishabh/humble_root1/build/training': AMENT_PREFIX_PATH=/home/rishabh/humble_root1/install/training_interfaces:${AMENT_PREFIX_PATH} CMAKE_PREFIX_PATH=/home/rishabh/humble_root1/install/training_interfaces:/opt/ros/humble LD_LIBRARY_PATH=/home/rishabh/humble_root1/install/training_interfaces/lib:${LD_LIBRARY_PATH} PYTHONPATH=/home/rishabh/humble_root1/install/training_interfaces/local/lib/python3.10/dist-packages:${PYTHONPATH} /usr/bin/cmake /home/rishabh/humble_root1/src/training -DCMAKE_INSTALL_PREFIX=/home/rishabh/humble_root1/install/training
[7.279s] DEBUG:colcon.colcon_core.event_handler.log_command:Invoked command in '/home/rishabh/humble_root1/build/training' returned '0': AMENT_PREFIX_PATH=/home/rishabh/humble_root1/install/training_interfaces:${AMENT_PREFIX_PATH} CMAKE_PREFIX_PATH=/home/rishabh/humble_root1/install/training_interfaces:/opt/ros/humble LD_LIBRARY_PATH=/home/rishabh/humble_root1/install/training_interfaces/lib:${LD_LIBRARY_PATH} PYTHONPATH=/home/rishabh/humble_root1/install/training_interfaces/local/lib/python3.10/dist-packages:${PYTHONPATH} /usr/bin/cmake /home/rishabh/humble_root1/src/training -DCMAKE_INSTALL_PREFIX=/home/rishabh/humble_root1/install/training
[7.281s] DEBUG:colcon.colcon_core.event_handler.log_command:Invoking command in '/home/rishabh/humble_root1/build/training': AMENT_PREFIX_PATH=/home/rishabh/humble_root1/install/training_interfaces:${AMENT_PREFIX_PATH} CMAKE_PREFIX_PATH=/home/rishabh/humble_root1/install/training_interfaces:/opt/ros/humble LD_LIBRARY_PATH=/home/rishabh/humble_root1/install/training_interfaces/lib:${LD_LIBRARY_PATH} PYTHONPATH=/home/rishabh/humble_root1/install/training_interfaces/local/lib/python3.10/dist-packages:${PYTHONPATH} /usr/bin/cmake --build /home/rishabh/humble_root1/build/training -- -j4 -l4
[18.789s] DEBUG:colcon.colcon_core.event_handler.log_command:Invoked command in '/home/rishabh/humble_root1/build/training' returned '0': AMENT_PREFIX_PATH=/home/rishabh/humble_root1/install/training_interfaces:${AMENT_PREFIX_PATH} CMAKE_PREFIX_PATH=/home/rishabh/humble_root1/install/training_interfaces:/opt/ros/humble LD_LIBRARY_PATH=/home/rishabh/humble_root1/install/training_interfaces/lib:${LD_LIBRARY_PATH} PYTHONPATH=/home/rishabh/humble_root1/install/training_interfaces/local/lib/python3.10/dist-packages:${PYTHONPATH} /usr/bin/cmake --build /home/rishabh/humble_root1/build/training -- -j4 -l4
[18.790s] DEBUG:colcon.colcon_core.event_handler.log_command:Invoking command in '/home/rishabh/humble_root1/build/training': AMENT_PREFIX_PATH=/home/rishabh/humble_root1/install/training_interfaces:${AMENT_PREFIX_PATH} CMAKE_PREFIX_PATH=/home/rishabh/humble_root1/install/training_interfaces:/opt/ros/humble LD_LIBRARY_PATH=/home/rishabh/humble_root1/install/training_interfaces/lib:${LD_LIBRARY_PATH} PYTHONPATH=/home/rishabh/humble_root1/install/training_interfaces/local/lib/python3.10/dist-packages:${PYTHONPATH} /usr/bin/cmake --install /home/rishabh/humble_root1/build/training
[18.814s] Level 1:colcon.colcon_core.environment:create_environment_scripts_only(training)
[18.814s] Level 1:colcon.colcon_core.environment:checking '/home/rishabh/humble_root1/install/training' for CMake module files
[18.814s] Level 1:colcon.colcon_core.environment:checking '/home/rishabh/humble_root1/install/training' for CMake config files
[18.815s] DEBUG:colcon.colcon_core.event_handler.log_command:Invoked command in '/home/rishabh/humble_root1/build/training' returned '0': AMENT_PREFIX_PATH=/home/rishabh/humble_root1/install/training_interfaces:${AMENT_PREFIX_PATH} CMAKE_PREFIX_PATH=/home/rishabh/humble_root1/install/training_interfaces:/opt/ros/humble LD_LIBRARY_PATH=/home/rishabh/humble_root1/install/training_interfaces/lib:${LD_LIBRARY_PATH} PYTHONPATH=/home/rishabh/humble_root1/install/training_interfaces/local/lib/python3.10/dist-packages:${PYTHONPATH} /usr/bin/cmake --install /home/rishabh/humble_root1/build/training
[18.815s] Level 1:colcon.colcon_core.shell:create_environment_hook('training', 'cmake_prefix_path')
[18.816s] INFO:colcon.colcon_core.shell:Creating environment hook '/home/rishabh/humble_root1/install/training/share/training/hook/cmake_prefix_path.ps1'
[18.816s] INFO:colcon.colcon_core.shell:Creating environment descriptor '/home/rishabh/humble_root1/install/training/share/training/hook/cmake_prefix_path.dsv'
[18.816s] INFO:colcon.colcon_core.shell:Creating environment hook '/home/rishabh/humble_root1/install/training/share/training/hook/cmake_prefix_path.sh'
[18.817s] Level 1:colcon.colcon_core.environment:checking '/home/rishabh/humble_root1/install/training/lib'
[18.817s] Level 1:colcon.colcon_core.environment:checking '/home/rishabh/humble_root1/install/training/bin'
[18.817s] Level 1:colcon.colcon_core.environment:checking '/home/rishabh/humble_root1/install/training/lib/pkgconfig/training.pc'
[18.818s] Level 1:colcon.colcon_core.environment:checking '/home/rishabh/humble_root1/install/training/lib/python3.10/site-packages'
[18.818s] Level 1:colcon.colcon_core.environment:checking '/home/rishabh/humble_root1/install/training/bin'
[18.818s] INFO:colcon.colcon_core.shell:Creating package script '/home/rishabh/humble_root1/install/training/share/training/package.ps1'
[18.819s] INFO:colcon.colcon_core.shell:Creating package descriptor '/home/rishabh/humble_root1/install/training/share/training/package.dsv'
[18.819s] INFO:colcon.colcon_core.shell:Creating package script '/home/rishabh/humble_root1/install/training/share/training/package.sh'
[18.820s] INFO:colcon.colcon_core.shell:Creating package script '/home/rishabh/humble_root1/install/training/share/training/package.bash'
[18.820s] INFO:colcon.colcon_core.shell:Creating package script '/home/rishabh/humble_root1/install/training/share/training/package.zsh'
[18.821s] Level 1:colcon.colcon_core.environment:create_file_with_runtime_dependencies(/home/rishabh/humble_root1/install/training/share/colcon-core/packages/training)
[18.821s] Level 1:colcon.colcon_core.environment:create_environment_scripts_only(training)
[18.821s] Level 1:colcon.colcon_core.environment:checking '/home/rishabh/humble_root1/install/training' for CMake module files
[18.822s] Level 1:colcon.colcon_core.environment:checking '/home/rishabh/humble_root1/install/training' for CMake config files
[18.822s] Level 1:colcon.colcon_core.shell:create_environment_hook('training', 'cmake_prefix_path')
[18.823s] INFO:colcon.colcon_core.shell:Creating environment hook '/home/rishabh/humble_root1/install/training/share/training/hook/cmake_prefix_path.ps1'
[18.823s] INFO:colcon.colcon_core.shell:Creating environment descriptor '/home/rishabh/humble_root1/install/training/share/training/hook/cmake_prefix_path.dsv'
[18.823s] INFO:colcon.colcon_core.shell:Creating environment hook '/home/rishabh/humble_root1/install/training/share/training/hook/cmake_prefix_path.sh'
[18.824s] Level 1:colcon.colcon_core.environment:checking '/home/rishabh/humble_root1/install/training/lib'
[18.825s] Level 1:colcon.colcon_core.environment:checking '/home/rishabh/humble_root1/install/training/bin'
[18.825s] Level 1:colcon.colcon_core.environment:checking '/home/rishabh/humble_root1/install/training/lib/pkgconfig/training.pc'
[18.825s] Level 1:colcon.colcon_core.environment:checking '/home/rishabh/humble_root1/install/training/lib/python3.10/site-packages'
[18.825s] Level 1:colcon.colcon_core.environment:checking '/home/rishabh/humble_root1/install/training/bin'
[18.826s] INFO:colcon.colcon_core.shell:Creating package script '/home/rishabh/humble_root1/install/training/share/training/package.ps1'
[18.826s] INFO:colcon.colcon_core.shell:Creating package descriptor '/home/rishabh/humble_root1/install/training/share/training/package.dsv'
[18.827s] INFO:colcon.colcon_core.shell:Creating package script '/home/rishabh/humble_root1/install/training/share/training/package.sh'
[18.828s] INFO:colcon.colcon_core.shell:Creating package script '/home/rishabh/humble_root1/install/training/share/training/package.bash'
[18.828s] INFO:colcon.colcon_core.shell:Creating package script '/home/rishabh/humble_root1/install/training/share/training/package.zsh'
[18.829s] Level 1:colcon.colcon_core.environment:create_file_with_runtime_dependencies(/home/rishabh/humble_root1/install/training/share/colcon-core/packages/training)
[18.830s] DEBUG:colcon.colcon_parallel_executor.executor.parallel:closing loop
[18.830s] DEBUG:colcon.colcon_parallel_executor.executor.parallel:loop closed
[18.830s] DEBUG:colcon.colcon_parallel_executor.executor.parallel:run_until_complete finished with '0'
[18.831s] DEBUG:colcon.colcon_core.event_reactor:joining thread
[18.837s] INFO:colcon.colcon_core.plugin_system:Skipping extension 'colcon_notification.desktop_notification.terminal_notifier': Not used on non-Darwin systems
[18.837s] INFO:colcon.colcon_core.plugin_system:Skipping extension 'colcon_notification.desktop_notification.win32': Not used on non-Windows systems
[18.837s] INFO:colcon.colcon_notification.desktop_notification:Sending desktop notification using 'notify2'
[18.858s] DEBUG:colcon.colcon_core.event_reactor:joined thread
[18.858s] INFO:colcon.colcon_core.shell:Creating prefix script '/home/rishabh/humble_root1/install/local_setup.ps1'
[18.859s] INFO:colcon.colcon_core.shell:Creating prefix util module '/home/rishabh/humble_root1/install/_local_setup_util_ps1.py'
[18.862s] INFO:colcon.colcon_core.shell:Creating prefix chain script '/home/rishabh/humble_root1/install/setup.ps1'
[18.863s] INFO:colcon.colcon_core.shell:Creating prefix script '/home/rishabh/humble_root1/install/local_setup.sh'
[18.863s] INFO:colcon.colcon_core.shell:Creating prefix util module '/home/rishabh/humble_root1/install/_local_setup_util_sh.py'
[18.864s] INFO:colcon.colcon_core.shell:Creating prefix chain script '/home/rishabh/humble_root1/install/setup.sh'
[18.865s] INFO:colcon.colcon_core.shell:Creating prefix script '/home/rishabh/humble_root1/install/local_setup.bash'
[18.866s] INFO:colcon.colcon_core.shell:Creating prefix chain script '/home/rishabh/humble_root1/install/setup.bash'
[18.867s] INFO:colcon.colcon_core.shell:Creating prefix script '/home/rishabh/humble_root1/install/local_setup.zsh'
[18.868s] INFO:colcon.colcon_core.shell:Creating prefix chain script '/home/rishabh/humble_root1/install/setup.zsh'
