[0.012s] Invoking command in '/home/rishabh/humble_root1/build/training_interfaces': CMAKE_PREFIX_PATH=/opt/ros/humble /usr/bin/cmake /home/rishabh/humble_root1/src/training_interfaces -DCMAKE_INSTALL_PREFIX=/home/rishabh/humble_root1/install/training_interfaces
[0.087s] -- The C compiler identification is GNU 11.4.0
[0.166s] -- The CXX compiler identification is GNU 11.4.0
[0.178s] -- Detecting C compiler ABI info
[0.271s] -- Detecting C compiler ABI info - done
[0.274s] -- Check for working C compiler: /usr/bin/cc - skipped
[0.276s] -- Detecting C compile features
[0.278s] -- Detecting C compile features - done
[0.286s] -- Detecting CXX compiler ABI info
[0.392s] -- Detecting CXX compiler ABI info - done
[0.399s] -- Check for working CXX compiler: /usr/bin/c++ - skipped
[0.400s] -- Detecting CXX compile features
[0.400s] -- Detecting CXX compile features - done
[0.405s] -- Found ament_cmake: 1.3.11 (/opt/ros/humble/share/ament_cmake/cmake)
[0.578s] -- Found Python3: /usr/bin/python3 (found version "3.10.12") found components: Interpreter 
[0.712s] -- Found rosidl_default_generators: 1.2.0 (/opt/ros/humble/share/rosidl_default_generators/cmake)
[0.718s] -- Using all available rosidl_typesupport_c: rosidl_typesupport_fastrtps_c;rosidl_typesupport_introspection_c
[0.729s] -- Found rosidl_adapter: 3.1.6 (/opt/ros/humble/share/rosidl_adapter/cmake)
[0.794s] -- Using all available rosidl_typesupport_cpp: rosidl_typesupport_fastrtps_cpp;rosidl_typesupport_introspection_cpp
[0.845s] -- Found ament_lint_auto: 0.12.12 (/opt/ros/humble/share/ament_lint_auto/cmake)
[1.167s] -- Found ament_cmake_ros: 0.10.0 (/opt/ros/humble/share/ament_cmake_ros/cmake)
[1.375s] -- Using all available rosidl_typesupport_c: rosidl_typesupport_fastrtps_c;rosidl_typesupport_introspection_c
[1.625s] -- Using all available rosidl_typesupport_cpp: rosidl_typesupport_fastrtps_cpp;rosidl_typesupport_introspection_cpp
[1.652s] -- Found PythonInterp: /usr/bin/python3 (found suitable version "3.10.12", minimum required is "3.6") 
[1.655s] -- Found python_cmake_module: 0.10.0 (/opt/ros/humble/share/python_cmake_module/cmake)
[1.688s] -- Found PythonLibs: /usr/lib/x86_64-linux-gnu/libpython3.10.so (found suitable version "3.10.12", minimum required is "3.5") 
[1.688s] -- Using PYTHON_EXECUTABLE: /usr/bin/python3
[1.688s] -- Using PYTHON_INCLUDE_DIRS: /usr/include/python3.10
[1.688s] -- Using PYTHON_LIBRARIES: /usr/lib/x86_64-linux-gnu/libpython3.10.so
[1.713s] -- Found PythonExtra: .so  
[1.761s] -- Added test 'lint_cmake' to check CMake code style
[1.763s] -- Added test 'xmllint' to check XML markup files
[1.775s] -- Configuring done
[1.814s] -- Generating done
[1.826s] -- Build files have been written to: /home/rishabh/humble_root1/build/training_interfaces
[1.833s] Invoked command in '/home/rishabh/humble_root1/build/training_interfaces' returned '0': CMAKE_PREFIX_PATH=/opt/ros/humble /usr/bin/cmake /home/rishabh/humble_root1/src/training_interfaces -DCMAKE_INSTALL_PREFIX=/home/rishabh/humble_root1/install/training_interfaces
[1.835s] Invoking command in '/home/rishabh/humble_root1/build/training_interfaces': CMAKE_PREFIX_PATH=/opt/ros/humble /usr/bin/cmake --build /home/rishabh/humble_root1/build/training_interfaces -- -j4 -l4
[1.891s] [  2%] [34m[1mGenerating C code for ROS interfaces[0m
[1.904s] [  5%] [34m[1mGenerating C++ code for ROS interfaces[0m
[1.916s] [  5%] Built target ament_cmake_python_copy_training_interfaces
[2.202s] running egg_info
[2.202s] creating training_interfaces.egg-info
[2.202s] writing training_interfaces.egg-info/PKG-INFO
[2.202s] writing dependency_links to training_interfaces.egg-info/dependency_links.txt
[2.203s] writing top-level names to training_interfaces.egg-info/top_level.txt
[2.203s] writing manifest file 'training_interfaces.egg-info/SOURCES.txt'
[2.207s] reading manifest file 'training_interfaces.egg-info/SOURCES.txt'
[2.207s] writing manifest file 'training_interfaces.egg-info/SOURCES.txt'
[2.250s] [  5%] Built target ament_cmake_python_build_training_interfaces_egg
[2.309s] [  5%] Built target training_interfaces__cpp
[2.309s] [  7%] [32mBuilding C object CMakeFiles/training_interfaces__rosidl_generator_c.dir/rosidl_generator_c/training_interfaces/srv/detail/value__functions.c.o[0m
[2.310s] [ 10%] [32mBuilding C object CMakeFiles/training_interfaces__rosidl_generator_c.dir/rosidl_generator_c/training_interfaces/msg/detail/person__functions.c.o[0m
[2.325s] [ 12%] [34m[1mGenerating C++ type support dispatch for ROS interfaces[0m
[2.327s] [ 15%] [34m[1mGenerating C++ type support for eProsima Fast-RTPS[0m
[2.380s] [ 17%] [34m[1mGenerating C++ introspection for ROS interfaces[0m
[2.385s] [ 20%] [32m[1mLinking C shared library libtraining_interfaces__rosidl_generator_c.so[0m
[2.447s] [ 20%] Built target training_interfaces__rosidl_generator_c
[2.461s] [ 23%] [34m[1mGenerating C type support for eProsima Fast-RTPS[0m
[2.646s] [ 25%] [32mBuilding CXX object CMakeFiles/training_interfaces__rosidl_typesupport_cpp.dir/rosidl_typesupport_cpp/training_interfaces/msg/person__type_support.cpp.o[0m
[2.725s] [ 28%] [32mBuilding CXX object CMakeFiles/training_interfaces__rosidl_typesupport_fastrtps_cpp.dir/rosidl_typesupport_fastrtps_cpp/training_interfaces/msg/detail/dds_fastrtps/person__type_support.cpp.o[0m
[2.751s] [ 30%] [32mBuilding CXX object CMakeFiles/training_interfaces__rosidl_typesupport_introspection_cpp.dir/rosidl_typesupport_introspection_cpp/training_interfaces/msg/detail/person__type_support.cpp.o[0m
[2.852s] [ 33%] [32mBuilding CXX object CMakeFiles/training_interfaces__rosidl_typesupport_fastrtps_c.dir/rosidl_typesupport_fastrtps_c/training_interfaces/msg/detail/person__type_support_c.cpp.o[0m
[3.007s] [ 35%] [32mBuilding CXX object CMakeFiles/training_interfaces__rosidl_typesupport_cpp.dir/rosidl_typesupport_cpp/training_interfaces/srv/value__type_support.cpp.o[0m
[3.281s] [ 38%] [32mBuilding CXX object CMakeFiles/training_interfaces__rosidl_typesupport_fastrtps_cpp.dir/rosidl_typesupport_fastrtps_cpp/training_interfaces/srv/detail/dds_fastrtps/value__type_support.cpp.o[0m
[3.305s] [ 41%] [32mBuilding CXX object CMakeFiles/training_interfaces__rosidl_typesupport_introspection_cpp.dir/rosidl_typesupport_introspection_cpp/training_interfaces/srv/detail/value__type_support.cpp.o[0m
[3.334s] [ 43%] [32mBuilding CXX object CMakeFiles/training_interfaces__rosidl_typesupport_fastrtps_c.dir/rosidl_typesupport_fastrtps_c/training_interfaces/srv/detail/value__type_support_c.cpp.o[0m
[3.404s] [ 46%] [32m[1mLinking CXX shared library libtraining_interfaces__rosidl_typesupport_cpp.so[0m
[3.464s] [ 46%] Built target training_interfaces__rosidl_typesupport_cpp
[3.484s] [ 48%] [34m[1mGenerating C introspection for ROS interfaces[0m
[3.788s] [ 51%] [32m[1mLinking CXX shared library libtraining_interfaces__rosidl_typesupport_fastrtps_c.so[0m
[3.822s] [ 53%] [32m[1mLinking CXX shared library libtraining_interfaces__rosidl_typesupport_introspection_cpp.so[0m
[3.835s] [ 56%] [32m[1mLinking CXX shared library libtraining_interfaces__rosidl_typesupport_fastrtps_cpp.so[0m
[3.914s] [ 58%] [32mBuilding C object CMakeFiles/training_interfaces__rosidl_typesupport_introspection_c.dir/rosidl_typesupport_introspection_c/training_interfaces/msg/detail/person__type_support.c.o[0m
[3.923s] [ 58%] Built target training_interfaces__rosidl_typesupport_fastrtps_c
[3.930s] [ 58%] Built target training_interfaces__rosidl_typesupport_introspection_cpp
[3.942s] [ 61%] [34m[1mGenerating C type support dispatch for ROS interfaces[0m
[3.946s] [ 64%] [32mBuilding C object CMakeFiles/training_interfaces__rosidl_typesupport_introspection_c.dir/rosidl_typesupport_introspection_c/training_interfaces/srv/detail/value__type_support.c.o[0m
[3.960s] [ 64%] Built target training_interfaces__rosidl_typesupport_fastrtps_cpp
[4.001s] [ 66%] [32m[1mLinking C shared library libtraining_interfaces__rosidl_typesupport_introspection_c.so[0m
[4.049s] [ 66%] Built target training_interfaces__rosidl_typesupport_introspection_c
[4.234s] [ 71%] [32mBuilding CXX object CMakeFiles/training_interfaces__rosidl_typesupport_c.dir/rosidl_typesupport_c/training_interfaces/srv/value__type_support.cpp.o[0m
[4.234s] [ 71%] [32mBuilding CXX object CMakeFiles/training_interfaces__rosidl_typesupport_c.dir/rosidl_typesupport_c/training_interfaces/msg/person__type_support.cpp.o[0m
[4.281s] [ 74%] [32m[1mLinking CXX shared library libtraining_interfaces__rosidl_typesupport_c.so[0m
[4.331s] [ 74%] Built target training_interfaces__rosidl_typesupport_c
[4.361s] [ 74%] Built target training_interfaces
[4.390s] [ 76%] [34m[1mGenerating Python code for ROS interfaces[0m
[4.836s] [ 76%] Built target training_interfaces__py
[4.868s] [ 79%] [32mBuilding C object CMakeFiles/training_interfaces__rosidl_generator_py.dir/rosidl_generator_py/training_interfaces/msg/_person_s.c.o[0m
[4.868s] [ 82%] [32mBuilding C object CMakeFiles/training_interfaces__rosidl_generator_py.dir/rosidl_generator_py/training_interfaces/srv/_value_s.c.o[0m
[5.047s] [ 84%] [32m[1mLinking C shared library rosidl_generator_py/training_interfaces/libtraining_interfaces__rosidl_generator_py.so[0m
[5.098s] [ 84%] Built target training_interfaces__rosidl_generator_py
[5.126s] [ 89%] [32mBuilding C object CMakeFiles/training_interfaces__rosidl_typesupport_fastrtps_c__pyext.dir/rosidl_generator_py/training_interfaces/_training_interfaces_s.ep.rosidl_typesupport_fastrtps_c.c.o[0m
[5.126s] [ 89%] [32mBuilding C object CMakeFiles/training_interfaces__rosidl_typesupport_introspection_c__pyext.dir/rosidl_generator_py/training_interfaces/_training_interfaces_s.ep.rosidl_typesupport_introspection_c.c.o[0m
[5.127s] [ 92%] [32mBuilding C object CMakeFiles/training_interfaces__rosidl_typesupport_c__pyext.dir/rosidl_generator_py/training_interfaces/_training_interfaces_s.ep.rosidl_typesupport_c.c.o[0m
[5.236s] [ 97%] [32m[1mLinking C shared library rosidl_generator_py/training_interfaces/training_interfaces_s__rosidl_typesupport_c.cpython-310-x86_64-linux-gnu.so[0m
[5.236s] [ 97%] [32m[1mLinking C shared library rosidl_generator_py/training_interfaces/training_interfaces_s__rosidl_typesupport_introspection_c.cpython-310-x86_64-linux-gnu.so[0m
[5.241s] [100%] [32m[1mLinking C shared library rosidl_generator_py/training_interfaces/training_interfaces_s__rosidl_typesupport_fastrtps_c.cpython-310-x86_64-linux-gnu.so[0m
[5.281s] [100%] Built target training_interfaces__rosidl_typesupport_c__pyext
[5.281s] [100%] Built target training_interfaces__rosidl_typesupport_introspection_c__pyext
[5.287s] [100%] Built target training_interfaces__rosidl_typesupport_fastrtps_c__pyext
[5.303s] Invoked command in '/home/rishabh/humble_root1/build/training_interfaces' returned '0': CMAKE_PREFIX_PATH=/opt/ros/humble /usr/bin/cmake --build /home/rishabh/humble_root1/build/training_interfaces -- -j4 -l4
[5.317s] Invoking command in '/home/rishabh/humble_root1/build/training_interfaces': CMAKE_PREFIX_PATH=/opt/ros/humble /usr/bin/cmake --install /home/rishabh/humble_root1/build/training_interfaces
[5.327s] -- Install configuration: ""
[5.327s] -- Installing: /home/rishabh/humble_root1/install/training_interfaces/share/ament_index/resource_index/rosidl_interfaces/training_interfaces
[5.327s] -- Installing: /home/rishabh/humble_root1/install/training_interfaces/include/training_interfaces/training_interfaces
[5.327s] -- Installing: /home/rishabh/humble_root1/install/training_interfaces/include/training_interfaces/training_interfaces/srv
[5.328s] -- Installing: /home/rishabh/humble_root1/install/training_interfaces/include/training_interfaces/training_interfaces/srv/value.h
[5.328s] -- Installing: /home/rishabh/humble_root1/install/training_interfaces/include/training_interfaces/training_interfaces/srv/detail
[5.328s] -- Installing: /home/rishabh/humble_root1/install/training_interfaces/include/training_interfaces/training_interfaces/srv/detail/value__functions.h
[5.328s] -- Installing: /home/rishabh/humble_root1/install/training_interfaces/include/training_interfaces/training_interfaces/srv/detail/value__type_support.h
[5.328s] -- Installing: /home/rishabh/humble_root1/install/training_interfaces/include/training_interfaces/training_interfaces/srv/detail/value__struct.h
[5.328s] -- Installing: /home/rishabh/humble_root1/install/training_interfaces/include/training_interfaces/training_interfaces/srv/detail/value__functions.c
[5.329s] -- Installing: /home/rishabh/humble_root1/install/training_interfaces/include/training_interfaces/training_interfaces/msg
[5.329s] -- Installing: /home/rishabh/humble_root1/install/training_interfaces/include/training_interfaces/training_interfaces/msg/person.h
[5.329s] -- Installing: /home/rishabh/humble_root1/install/training_interfaces/include/training_interfaces/training_interfaces/msg/detail
[5.329s] -- Installing: /home/rishabh/humble_root1/install/training_interfaces/include/training_interfaces/training_interfaces/msg/detail/person__type_support.h
[5.329s] -- Installing: /home/rishabh/humble_root1/install/training_interfaces/include/training_interfaces/training_interfaces/msg/detail/person__functions.h
[5.329s] -- Installing: /home/rishabh/humble_root1/install/training_interfaces/include/training_interfaces/training_interfaces/msg/detail/person__functions.c
[5.329s] -- Installing: /home/rishabh/humble_root1/install/training_interfaces/include/training_interfaces/training_interfaces/msg/detail/person__struct.h
[5.330s] -- Installing: /home/rishabh/humble_root1/install/training_interfaces/include/training_interfaces/training_interfaces/msg/rosidl_generator_c__visibility_control.h
[5.330s] -- Installing: /home/rishabh/humble_root1/install/training_interfaces/share/training_interfaces/environment/library_path.sh
[5.330s] -- Installing: /home/rishabh/humble_root1/install/training_interfaces/share/training_interfaces/environment/library_path.dsv
[5.330s] -- Installing: /home/rishabh/humble_root1/install/training_interfaces/lib/libtraining_interfaces__rosidl_generator_c.so
[5.331s] -- Set runtime path of "/home/rishabh/humble_root1/install/training_interfaces/lib/libtraining_interfaces__rosidl_generator_c.so" to ""
[5.331s] -- Up-to-date: /home/rishabh/humble_root1/install/training_interfaces/include/training_interfaces/training_interfaces
[5.331s] -- Up-to-date: /home/rishabh/humble_root1/install/training_interfaces/include/training_interfaces/training_interfaces/srv
[5.331s] -- Up-to-date: /home/rishabh/humble_root1/install/training_interfaces/include/training_interfaces/training_interfaces/srv/detail
[5.332s] -- Installing: /home/rishabh/humble_root1/install/training_interfaces/include/training_interfaces/training_interfaces/srv/detail/value__rosidl_typesupport_fastrtps_c.h
[5.332s] -- Up-to-date: /home/rishabh/humble_root1/install/training_interfaces/include/training_interfaces/training_interfaces/msg
[5.332s] -- Installing: /home/rishabh/humble_root1/install/training_interfaces/include/training_interfaces/training_interfaces/msg/rosidl_typesupport_fastrtps_c__visibility_control.h
[5.332s] -- Up-to-date: /home/rishabh/humble_root1/install/training_interfaces/include/training_interfaces/training_interfaces/msg/detail
[5.332s] -- Installing: /home/rishabh/humble_root1/install/training_interfaces/include/training_interfaces/training_interfaces/msg/detail/person__rosidl_typesupport_fastrtps_c.h
[5.332s] -- Installing: /home/rishabh/humble_root1/install/training_interfaces/lib/libtraining_interfaces__rosidl_typesupport_fastrtps_c.so
[5.333s] -- Set runtime path of "/home/rishabh/humble_root1/install/training_interfaces/lib/libtraining_interfaces__rosidl_typesupport_fastrtps_c.so" to ""
[5.333s] -- Up-to-date: /home/rishabh/humble_root1/install/training_interfaces/include/training_interfaces/training_interfaces
[5.334s] -- Up-to-date: /home/rishabh/humble_root1/install/training_interfaces/include/training_interfaces/training_interfaces/srv
[5.334s] -- Up-to-date: /home/rishabh/humble_root1/install/training_interfaces/include/training_interfaces/training_interfaces/srv/detail
[5.334s] -- Installing: /home/rishabh/humble_root1/install/training_interfaces/include/training_interfaces/training_interfaces/srv/detail/value__rosidl_typesupport_introspection_c.h
[5.334s] -- Installing: /home/rishabh/humble_root1/install/training_interfaces/include/training_interfaces/training_interfaces/srv/detail/value__type_support.c
[5.334s] -- Up-to-date: /home/rishabh/humble_root1/install/training_interfaces/include/training_interfaces/training_interfaces/msg
[5.334s] -- Installing: /home/rishabh/humble_root1/install/training_interfaces/include/training_interfaces/training_interfaces/msg/rosidl_typesupport_introspection_c__visibility_control.h
[5.334s] -- Up-to-date: /home/rishabh/humble_root1/install/training_interfaces/include/training_interfaces/training_interfaces/msg/detail
[5.334s] -- Installing: /home/rishabh/humble_root1/install/training_interfaces/include/training_interfaces/training_interfaces/msg/detail/person__rosidl_typesupport_introspection_c.h
[5.334s] -- Installing: /home/rishabh/humble_root1/install/training_interfaces/include/training_interfaces/training_interfaces/msg/detail/person__type_support.c
[5.335s] -- Installing: /home/rishabh/humble_root1/install/training_interfaces/lib/libtraining_interfaces__rosidl_typesupport_introspection_c.so
[5.335s] -- Set runtime path of "/home/rishabh/humble_root1/install/training_interfaces/lib/libtraining_interfaces__rosidl_typesupport_introspection_c.so" to ""
[5.335s] -- Installing: /home/rishabh/humble_root1/install/training_interfaces/lib/libtraining_interfaces__rosidl_typesupport_c.so
[5.336s] -- Set runtime path of "/home/rishabh/humble_root1/install/training_interfaces/lib/libtraining_interfaces__rosidl_typesupport_c.so" to ""
[5.336s] -- Up-to-date: /home/rishabh/humble_root1/install/training_interfaces/include/training_interfaces/training_interfaces
[5.336s] -- Up-to-date: /home/rishabh/humble_root1/install/training_interfaces/include/training_interfaces/training_interfaces/srv
[5.336s] -- Up-to-date: /home/rishabh/humble_root1/install/training_interfaces/include/training_interfaces/training_interfaces/srv/detail
[5.336s] -- Installing: /home/rishabh/humble_root1/install/training_interfaces/include/training_interfaces/training_interfaces/srv/detail/value__struct.hpp
[5.336s] -- Installing: /home/rishabh/humble_root1/install/training_interfaces/include/training_interfaces/training_interfaces/srv/detail/value__type_support.hpp
[5.336s] -- Installing: /home/rishabh/humble_root1/install/training_interfaces/include/training_interfaces/training_interfaces/srv/detail/value__builder.hpp
[5.336s] -- Installing: /home/rishabh/humble_root1/install/training_interfaces/include/training_interfaces/training_interfaces/srv/detail/value__traits.hpp
[5.337s] -- Installing: /home/rishabh/humble_root1/install/training_interfaces/include/training_interfaces/training_interfaces/srv/value.hpp
[5.337s] -- Up-to-date: /home/rishabh/humble_root1/install/training_interfaces/include/training_interfaces/training_interfaces/msg
[5.337s] -- Installing: /home/rishabh/humble_root1/install/training_interfaces/include/training_interfaces/training_interfaces/msg/rosidl_generator_cpp__visibility_control.hpp
[5.337s] -- Installing: /home/rishabh/humble_root1/install/training_interfaces/include/training_interfaces/training_interfaces/msg/person.hpp
[5.337s] -- Up-to-date: /home/rishabh/humble_root1/install/training_interfaces/include/training_interfaces/training_interfaces/msg/detail
[5.337s] -- Installing: /home/rishabh/humble_root1/install/training_interfaces/include/training_interfaces/training_interfaces/msg/detail/person__type_support.hpp
[5.337s] -- Installing: /home/rishabh/humble_root1/install/training_interfaces/include/training_interfaces/training_interfaces/msg/detail/person__builder.hpp
[5.338s] -- Installing: /home/rishabh/humble_root1/install/training_interfaces/include/training_interfaces/training_interfaces/msg/detail/person__struct.hpp
[5.338s] -- Installing: /home/rishabh/humble_root1/install/training_interfaces/include/training_interfaces/training_interfaces/msg/detail/person__traits.hpp
[5.338s] -- Up-to-date: /home/rishabh/humble_root1/install/training_interfaces/include/training_interfaces/training_interfaces
[5.338s] -- Up-to-date: /home/rishabh/humble_root1/install/training_interfaces/include/training_interfaces/training_interfaces/srv
[5.338s] -- Up-to-date: /home/rishabh/humble_root1/install/training_interfaces/include/training_interfaces/training_interfaces/srv/detail
[5.338s] -- Installing: /home/rishabh/humble_root1/install/training_interfaces/include/training_interfaces/training_interfaces/srv/detail/value__rosidl_typesupport_fastrtps_cpp.hpp
[5.339s] -- Installing: /home/rishabh/humble_root1/install/training_interfaces/include/training_interfaces/training_interfaces/srv/detail/dds_fastrtps
[5.339s] -- Up-to-date: /home/rishabh/humble_root1/install/training_interfaces/include/training_interfaces/training_interfaces/msg
[5.339s] -- Installing: /home/rishabh/humble_root1/install/training_interfaces/include/training_interfaces/training_interfaces/msg/rosidl_typesupport_fastrtps_cpp__visibility_control.h
[5.339s] -- Up-to-date: /home/rishabh/humble_root1/install/training_interfaces/include/training_interfaces/training_interfaces/msg/detail
[5.339s] -- Installing: /home/rishabh/humble_root1/install/training_interfaces/include/training_interfaces/training_interfaces/msg/detail/person__rosidl_typesupport_fastrtps_cpp.hpp
[5.339s] -- Installing: /home/rishabh/humble_root1/install/training_interfaces/include/training_interfaces/training_interfaces/msg/detail/dds_fastrtps
[5.339s] -- Installing: /home/rishabh/humble_root1/install/training_interfaces/lib/libtraining_interfaces__rosidl_typesupport_fastrtps_cpp.so
[5.340s] -- Set runtime path of "/home/rishabh/humble_root1/install/training_interfaces/lib/libtraining_interfaces__rosidl_typesupport_fastrtps_cpp.so" to ""
[5.340s] -- Up-to-date: /home/rishabh/humble_root1/install/training_interfaces/include/training_interfaces/training_interfaces
[5.340s] -- Up-to-date: /home/rishabh/humble_root1/install/training_interfaces/include/training_interfaces/training_interfaces/srv
[5.340s] -- Up-to-date: /home/rishabh/humble_root1/install/training_interfaces/include/training_interfaces/training_interfaces/srv/detail
[5.340s] -- Installing: /home/rishabh/humble_root1/install/training_interfaces/include/training_interfaces/training_interfaces/srv/detail/value__type_support.cpp
[5.340s] -- Installing: /home/rishabh/humble_root1/install/training_interfaces/include/training_interfaces/training_interfaces/srv/detail/value__rosidl_typesupport_introspection_cpp.hpp
[5.340s] -- Up-to-date: /home/rishabh/humble_root1/install/training_interfaces/include/training_interfaces/training_interfaces/msg
[5.340s] -- Up-to-date: /home/rishabh/humble_root1/install/training_interfaces/include/training_interfaces/training_interfaces/msg/detail
[5.341s] -- Installing: /home/rishabh/humble_root1/install/training_interfaces/include/training_interfaces/training_interfaces/msg/detail/person__type_support.cpp
[5.341s] -- Installing: /home/rishabh/humble_root1/install/training_interfaces/include/training_interfaces/training_interfaces/msg/detail/person__rosidl_typesupport_introspection_cpp.hpp
[5.341s] -- Installing: /home/rishabh/humble_root1/install/training_interfaces/lib/libtraining_interfaces__rosidl_typesupport_introspection_cpp.so
[5.341s] -- Set runtime path of "/home/rishabh/humble_root1/install/training_interfaces/lib/libtraining_interfaces__rosidl_typesupport_introspection_cpp.so" to ""
[5.341s] -- Installing: /home/rishabh/humble_root1/install/training_interfaces/lib/libtraining_interfaces__rosidl_typesupport_cpp.so
[5.342s] -- Set runtime path of "/home/rishabh/humble_root1/install/training_interfaces/lib/libtraining_interfaces__rosidl_typesupport_cpp.so" to ""
[5.342s] -- Installing: /home/rishabh/humble_root1/install/training_interfaces/share/training_interfaces/environment/pythonpath.sh
[5.342s] -- Installing: /home/rishabh/humble_root1/install/training_interfaces/share/training_interfaces/environment/pythonpath.dsv
[5.342s] -- Installing: /home/rishabh/humble_root1/install/training_interfaces/local/lib/python3.10/dist-packages/training_interfaces-0.0.0-py3.10.egg-info
[5.344s] -- Installing: /home/rishabh/humble_root1/install/training_interfaces/local/lib/python3.10/dist-packages/training_interfaces-0.0.0-py3.10.egg-info/top_level.txt
[5.344s] -- Installing: /home/rishabh/humble_root1/install/training_interfaces/local/lib/python3.10/dist-packages/training_interfaces-0.0.0-py3.10.egg-info/dependency_links.txt
[5.344s] -- Installing: /home/rishabh/humble_root1/install/training_interfaces/local/lib/python3.10/dist-packages/training_interfaces-0.0.0-py3.10.egg-info/SOURCES.txt
[5.344s] -- Installing: /home/rishabh/humble_root1/install/training_interfaces/local/lib/python3.10/dist-packages/training_interfaces-0.0.0-py3.10.egg-info/PKG-INFO
[5.344s] -- Installing: /home/rishabh/humble_root1/install/training_interfaces/local/lib/python3.10/dist-packages/training_interfaces
[5.345s] -- Installing: /home/rishabh/humble_root1/install/training_interfaces/local/lib/python3.10/dist-packages/training_interfaces/_training_interfaces_s.ep.rosidl_typesupport_introspection_c.c
[5.345s] -- Installing: /home/rishabh/humble_root1/install/training_interfaces/local/lib/python3.10/dist-packages/training_interfaces/__init__.py
[5.345s] -- Installing: /home/rishabh/humble_root1/install/training_interfaces/local/lib/python3.10/dist-packages/training_interfaces/_training_interfaces_s.ep.rosidl_typesupport_c.c
[5.345s] -- Installing: /home/rishabh/humble_root1/install/training_interfaces/local/lib/python3.10/dist-packages/training_interfaces/srv
[5.345s] -- Installing: /home/rishabh/humble_root1/install/training_interfaces/local/lib/python3.10/dist-packages/training_interfaces/srv/__init__.py
[5.345s] -- Installing: /home/rishabh/humble_root1/install/training_interfaces/local/lib/python3.10/dist-packages/training_interfaces/srv/_value.py
[5.345s] -- Installing: /home/rishabh/humble_root1/install/training_interfaces/local/lib/python3.10/dist-packages/training_interfaces/srv/_value_s.c
[5.347s] -- Installing: /home/rishabh/humble_root1/install/training_interfaces/local/lib/python3.10/dist-packages/training_interfaces/msg
[5.347s] -- Installing: /home/rishabh/humble_root1/install/training_interfaces/local/lib/python3.10/dist-packages/training_interfaces/msg/__init__.py
[5.347s] -- Installing: /home/rishabh/humble_root1/install/training_interfaces/local/lib/python3.10/dist-packages/training_interfaces/msg/_person.py
[5.347s] -- Installing: /home/rishabh/humble_root1/install/training_interfaces/local/lib/python3.10/dist-packages/training_interfaces/msg/_person_s.c
[5.347s] -- Installing: /home/rishabh/humble_root1/install/training_interfaces/local/lib/python3.10/dist-packages/training_interfaces/_training_interfaces_s.ep.rosidl_typesupport_fastrtps_c.c
[5.347s] -- Installing: /home/rishabh/humble_root1/install/training_interfaces/local/lib/python3.10/dist-packages/training_interfaces/training_interfaces_s__rosidl_typesupport_c.cpython-310-x86_64-linux-gnu.so
[5.347s] -- Installing: /home/rishabh/humble_root1/install/training_interfaces/local/lib/python3.10/dist-packages/training_interfaces/training_interfaces_s__rosidl_typesupport_fastrtps_c.cpython-310-x86_64-linux-gnu.so
[5.348s] -- Installing: /home/rishabh/humble_root1/install/training_interfaces/local/lib/python3.10/dist-packages/training_interfaces/training_interfaces_s__rosidl_typesupport_introspection_c.cpython-310-x86_64-linux-gnu.so
[5.349s] -- Installing: /home/rishabh/humble_root1/install/training_interfaces/local/lib/python3.10/dist-packages/training_interfaces/libtraining_interfaces__rosidl_generator_py.so
[5.393s] Listing '/home/rishabh/humble_root1/install/training_interfaces/local/lib/python3.10/dist-packages/training_interfaces'...
[5.393s] Compiling '/home/rishabh/humble_root1/install/training_interfaces/local/lib/python3.10/dist-packages/training_interfaces/__init__.py'...
[5.393s] Listing '/home/rishabh/humble_root1/install/training_interfaces/local/lib/python3.10/dist-packages/training_interfaces/msg'...
[5.393s] Compiling '/home/rishabh/humble_root1/install/training_interfaces/local/lib/python3.10/dist-packages/training_interfaces/msg/__init__.py'...
[5.393s] Compiling '/home/rishabh/humble_root1/install/training_interfaces/local/lib/python3.10/dist-packages/training_interfaces/msg/_person.py'...
[5.393s] Listing '/home/rishabh/humble_root1/install/training_interfaces/local/lib/python3.10/dist-packages/training_interfaces/srv'...
[5.393s] Compiling '/home/rishabh/humble_root1/install/training_interfaces/local/lib/python3.10/dist-packages/training_interfaces/srv/__init__.py'...
[5.393s] Compiling '/home/rishabh/humble_root1/install/training_interfaces/local/lib/python3.10/dist-packages/training_interfaces/srv/_value.py'...
[5.399s] -- Installing: /home/rishabh/humble_root1/install/training_interfaces/local/lib/python3.10/dist-packages/training_interfaces/training_interfaces_s__rosidl_typesupport_fastrtps_c.cpython-310-x86_64-linux-gnu.so
[5.399s] -- Set runtime path of "/home/rishabh/humble_root1/install/training_interfaces/local/lib/python3.10/dist-packages/training_interfaces/training_interfaces_s__rosidl_typesupport_fastrtps_c.cpython-310-x86_64-linux-gnu.so" to ""
[5.399s] -- Installing: /home/rishabh/humble_root1/install/training_interfaces/local/lib/python3.10/dist-packages/training_interfaces/training_interfaces_s__rosidl_typesupport_introspection_c.cpython-310-x86_64-linux-gnu.so
[5.400s] -- Set runtime path of "/home/rishabh/humble_root1/install/training_interfaces/local/lib/python3.10/dist-packages/training_interfaces/training_interfaces_s__rosidl_typesupport_introspection_c.cpython-310-x86_64-linux-gnu.so" to ""
[5.400s] -- Installing: /home/rishabh/humble_root1/install/training_interfaces/local/lib/python3.10/dist-packages/training_interfaces/training_interfaces_s__rosidl_typesupport_c.cpython-310-x86_64-linux-gnu.so
[5.403s] -- Set runtime path of "/home/rishabh/humble_root1/install/training_interfaces/local/lib/python3.10/dist-packages/training_interfaces/training_interfaces_s__rosidl_typesupport_c.cpython-310-x86_64-linux-gnu.so" to ""
[5.403s] -- Installing: /home/rishabh/humble_root1/install/training_interfaces/lib/libtraining_interfaces__rosidl_generator_py.so
[5.403s] -- Set runtime path of "/home/rishabh/humble_root1/install/training_interfaces/lib/libtraining_interfaces__rosidl_generator_py.so" to ""
[5.403s] -- Installing: /home/rishabh/humble_root1/install/training_interfaces/share/training_interfaces/msg/Person.idl
[5.403s] -- Installing: /home/rishabh/humble_root1/install/training_interfaces/share/training_interfaces/srv/Value.idl
[5.403s] -- Installing: /home/rishabh/humble_root1/install/training_interfaces/share/training_interfaces/msg/Person.msg
[5.403s] -- Installing: /home/rishabh/humble_root1/install/training_interfaces/share/training_interfaces/srv/Value.srv
[5.403s] -- Installing: /home/rishabh/humble_root1/install/training_interfaces/share/training_interfaces/srv/Value_Request.msg
[5.403s] -- Installing: /home/rishabh/humble_root1/install/training_interfaces/share/training_interfaces/srv/Value_Response.msg
[5.403s] -- Installing: /home/rishabh/humble_root1/install/training_interfaces/share/ament_index/resource_index/package_run_dependencies/training_interfaces
[5.403s] -- Installing: /home/rishabh/humble_root1/install/training_interfaces/share/ament_index/resource_index/parent_prefix_path/training_interfaces
[5.403s] -- Installing: /home/rishabh/humble_root1/install/training_interfaces/share/training_interfaces/environment/ament_prefix_path.sh
[5.404s] -- Installing: /home/rishabh/humble_root1/install/training_interfaces/share/training_interfaces/environment/ament_prefix_path.dsv
[5.404s] -- Installing: /home/rishabh/humble_root1/install/training_interfaces/share/training_interfaces/environment/path.sh
[5.404s] -- Installing: /home/rishabh/humble_root1/install/training_interfaces/share/training_interfaces/environment/path.dsv
[5.404s] -- Installing: /home/rishabh/humble_root1/install/training_interfaces/share/training_interfaces/local_setup.bash
[5.404s] -- Installing: /home/rishabh/humble_root1/install/training_interfaces/share/training_interfaces/local_setup.sh
[5.404s] -- Installing: /home/rishabh/humble_root1/install/training_interfaces/share/training_interfaces/local_setup.zsh
[5.404s] -- Installing: /home/rishabh/humble_root1/install/training_interfaces/share/training_interfaces/local_setup.dsv
[5.404s] -- Installing: /home/rishabh/humble_root1/install/training_interfaces/share/training_interfaces/package.dsv
[5.405s] -- Installing: /home/rishabh/humble_root1/install/training_interfaces/share/ament_index/resource_index/packages/training_interfaces
[5.405s] -- Installing: /home/rishabh/humble_root1/install/training_interfaces/share/training_interfaces/cmake/export_training_interfaces__rosidl_generator_cExport.cmake
[5.405s] -- Installing: /home/rishabh/humble_root1/install/training_interfaces/share/training_interfaces/cmake/export_training_interfaces__rosidl_generator_cExport-noconfig.cmake
[5.405s] -- Installing: /home/rishabh/humble_root1/install/training_interfaces/share/training_interfaces/cmake/export_training_interfaces__rosidl_typesupport_fastrtps_cExport.cmake
[5.405s] -- Installing: /home/rishabh/humble_root1/install/training_interfaces/share/training_interfaces/cmake/export_training_interfaces__rosidl_typesupport_fastrtps_cExport-noconfig.cmake
[5.405s] -- Installing: /home/rishabh/humble_root1/install/training_interfaces/share/training_interfaces/cmake/training_interfaces__rosidl_typesupport_introspection_cExport.cmake
[5.405s] -- Installing: /home/rishabh/humble_root1/install/training_interfaces/share/training_interfaces/cmake/training_interfaces__rosidl_typesupport_introspection_cExport-noconfig.cmake
[5.405s] -- Installing: /home/rishabh/humble_root1/install/training_interfaces/share/training_interfaces/cmake/training_interfaces__rosidl_typesupport_cExport.cmake
[5.406s] -- Installing: /home/rishabh/humble_root1/install/training_interfaces/share/training_interfaces/cmake/training_interfaces__rosidl_typesupport_cExport-noconfig.cmake
[5.406s] -- Installing: /home/rishabh/humble_root1/install/training_interfaces/share/training_interfaces/cmake/export_training_interfaces__rosidl_generator_cppExport.cmake
[5.406s] -- Installing: /home/rishabh/humble_root1/install/training_interfaces/share/training_interfaces/cmake/export_training_interfaces__rosidl_typesupport_fastrtps_cppExport.cmake
[5.407s] -- Installing: /home/rishabh/humble_root1/install/training_interfaces/share/training_interfaces/cmake/export_training_interfaces__rosidl_typesupport_fastrtps_cppExport-noconfig.cmake
[5.407s] -- Installing: /home/rishabh/humble_root1/install/training_interfaces/share/training_interfaces/cmake/training_interfaces__rosidl_typesupport_introspection_cppExport.cmake
[5.407s] -- Installing: /home/rishabh/humble_root1/install/training_interfaces/share/training_interfaces/cmake/training_interfaces__rosidl_typesupport_introspection_cppExport-noconfig.cmake
[5.407s] -- Installing: /home/rishabh/humble_root1/install/training_interfaces/share/training_interfaces/cmake/training_interfaces__rosidl_typesupport_cppExport.cmake
[5.407s] -- Installing: /home/rishabh/humble_root1/install/training_interfaces/share/training_interfaces/cmake/training_interfaces__rosidl_typesupport_cppExport-noconfig.cmake
[5.408s] -- Installing: /home/rishabh/humble_root1/install/training_interfaces/share/training_interfaces/cmake/export_training_interfaces__rosidl_generator_pyExport.cmake
[5.408s] -- Installing: /home/rishabh/humble_root1/install/training_interfaces/share/training_interfaces/cmake/export_training_interfaces__rosidl_generator_pyExport-noconfig.cmake
[5.408s] -- Installing: /home/rishabh/humble_root1/install/training_interfaces/share/training_interfaces/cmake/rosidl_cmake-extras.cmake
[5.408s] -- Installing: /home/rishabh/humble_root1/install/training_interfaces/share/training_interfaces/cmake/ament_cmake_export_include_directories-extras.cmake
[5.408s] -- Installing: /home/rishabh/humble_root1/install/training_interfaces/share/training_interfaces/cmake/ament_cmake_export_libraries-extras.cmake
[5.409s] -- Installing: /home/rishabh/humble_root1/install/training_interfaces/share/training_interfaces/cmake/ament_cmake_export_targets-extras.cmake
[5.409s] -- Installing: /home/rishabh/humble_root1/install/training_interfaces/share/training_interfaces/cmake/rosidl_cmake_export_typesupport_targets-extras.cmake
[5.409s] -- Installing: /home/rishabh/humble_root1/install/training_interfaces/share/training_interfaces/cmake/ament_cmake_export_dependencies-extras.cmake
[5.409s] -- Installing: /home/rishabh/humble_root1/install/training_interfaces/share/training_interfaces/cmake/rosidl_cmake_export_typesupport_libraries-extras.cmake
[5.409s] -- Installing: /home/rishabh/humble_root1/install/training_interfaces/share/training_interfaces/cmake/training_interfacesConfig.cmake
[5.409s] -- Installing: /home/rishabh/humble_root1/install/training_interfaces/share/training_interfaces/cmake/training_interfacesConfig-version.cmake
[5.410s] -- Installing: /home/rishabh/humble_root1/install/training_interfaces/share/training_interfaces/package.xml
[5.413s] Invoked command in '/home/rishabh/humble_root1/build/training_interfaces' returned '0': CMAKE_PREFIX_PATH=/opt/ros/humble /usr/bin/cmake --install /home/rishabh/humble_root1/build/training_interfaces
